<?xml version="1.0" encoding="UTF-8"?>
<testng-results skipped="0" failed="0" ignored="57" total="82" passed="25">
  <reporter-output>
  </reporter-output>
  <suite name="Suite" duration-ms="13943392" started-at="2020-09-25T08:43:34Z" finished-at="2020-09-25T12:35:57Z">
    <groups>
      <group name="Ratikanta_Sprint1_REQ_572">
        <method signature="QCStore.QC_Sprint_B20_178_1_Txn_Testdata()[pri:31, instance:tests.QCStore@5f9d02cb]" name="QC_Sprint_B20_178_1_Txn_Testdata" class="tests.QCStore"/>
        <method signature="QCStore.QC_Sprint_B20_178_2_Txn_Testdata()[pri:32, instance:tests.QCStore@5f9d02cb]" name="QC_Sprint_B20_178_2_Txn_Testdata" class="tests.QCStore"/>
        <method signature="QCStore.QC_Sprint_B20_178_3_Txn_Testdata()[pri:33, instance:tests.QCStore@5f9d02cb]" name="QC_Sprint_B20_178_3_Txn_Testdata" class="tests.QCStore"/>
        <method signature="QCStore.QC_Sprint_B20_178_5_Txn_Testdata()[pri:34, instance:tests.QCStore@5f9d02cb]" name="QC_Sprint_B20_178_5_Txn_Testdata" class="tests.QCStore"/>
        <method signature="QCStore.QC_Sprint_B20_179_1_Txn_Testdata()[pri:36, instance:tests.QCStore@5f9d02cb]" name="QC_Sprint_B20_179_1_Txn_Testdata" class="tests.QCStore"/>
        <method signature="QCStore.QC_Sprint_B20_179_2_Txn_Testdata()[pri:37, instance:tests.QCStore@5f9d02cb]" name="QC_Sprint_B20_179_2_Txn_Testdata" class="tests.QCStore"/>
        <method signature="QCStore.QC_Sprint_B20_179_6_Txn_Testdata()[pri:39, instance:tests.QCStore@5f9d02cb]" name="QC_Sprint_B20_179_6_Txn_Testdata" class="tests.QCStore"/>
        <method signature="QCStore.QC_Sprint_B20_180_1_Txn_Testdata()[pri:40, instance:tests.QCStore@5f9d02cb]" name="QC_Sprint_B20_180_1_Txn_Testdata" class="tests.QCStore"/>
        <method signature="QCStore.QC_Sprint_B20_180_2_Txn_Testdata()[pri:41, instance:tests.QCStore@5f9d02cb]" name="QC_Sprint_B20_180_2_Txn_Testdata" class="tests.QCStore"/>
        <method signature="QCStore.QC_Sprint_B20_180_3_Txn_Testdata()[pri:42, instance:tests.QCStore@5f9d02cb]" name="QC_Sprint_B20_180_3_Txn_Testdata" class="tests.QCStore"/>
        <method signature="QCStore.QC_Sprint_B20_180_6_Txn_Testdata()[pri:43, instance:tests.QCStore@5f9d02cb]" name="QC_Sprint_B20_180_6_Txn_Testdata" class="tests.QCStore"/>
        <method signature="QCStore.QC_Sprint_B20_181_1_Txn_Testdata()[pri:44, instance:tests.QCStore@5f9d02cb]" name="QC_Sprint_B20_181_1_Txn_Testdata" class="tests.QCStore"/>
        <method signature="QCStore.QC_Sprint_B20_181_2_Txn_Testdata()[pri:45, instance:tests.QCStore@5f9d02cb]" name="QC_Sprint_B20_181_2_Txn_Testdata" class="tests.QCStore"/>
        <method signature="QCStore.QC_Sprint_B20_181_3_Txn_Testdata()[pri:46, instance:tests.QCStore@5f9d02cb]" name="QC_Sprint_B20_181_3_Txn_Testdata" class="tests.QCStore"/>
        <method signature="QCStore.QC_Sprint_B20_181_7_Txn_Testdata()[pri:47, instance:tests.QCStore@5f9d02cb]" name="QC_Sprint_B20_181_7_Txn_Testdata" class="tests.QCStore"/>
        <method signature="QCStore.QC_Sprint_B20_182_1_Txn_Testdata()[pri:48, instance:tests.QCStore@5f9d02cb]" name="QC_Sprint_B20_182_1_Txn_Testdata" class="tests.QCStore"/>
        <method signature="QCStore.QC_Sprint_B20_182_2_Txn_Testdata()[pri:49, instance:tests.QCStore@5f9d02cb]" name="QC_Sprint_B20_182_2_Txn_Testdata" class="tests.QCStore"/>
        <method signature="QCStore.QC_Sprint_B20_182_6_Txn_Testdata()[pri:51, instance:tests.QCStore@5f9d02cb]" name="QC_Sprint_B20_182_6_Txn_Testdata" class="tests.QCStore"/>
        <method signature="QCStore.QC_Sprint_B20_183_1_Txn_Testdata()[pri:52, instance:tests.QCStore@5f9d02cb]" name="QC_Sprint_B20_183_1_Txn_Testdata" class="tests.QCStore"/>
        <method signature="QCStore.QC_Sprint_B20_183_2_Txn_Testdata()[pri:53, instance:tests.QCStore@5f9d02cb]" name="QC_Sprint_B20_183_2_Txn_Testdata" class="tests.QCStore"/>
        <method signature="QCStore.QC_Sprint_B20_183_6_Txn_Testdata()[pri:55, instance:tests.QCStore@5f9d02cb]" name="QC_Sprint_B20_183_6_Txn_Testdata" class="tests.QCStore"/>
        <method signature="QCStore.QC_Sprint_B20_184_1_Txn_Testdata()[pri:56, instance:tests.QCStore@5f9d02cb]" name="QC_Sprint_B20_184_1_Txn_Testdata" class="tests.QCStore"/>
        <method signature="QCStore.QC_Sprint_B20_184_2_Txn_Testdata()[pri:57, instance:tests.QCStore@5f9d02cb]" name="QC_Sprint_B20_184_2_Txn_Testdata" class="tests.QCStore"/>
        <method signature="QCStore.QC_Sprint_B20_184_4_Txn_Testdata()[pri:58, instance:tests.QCStore@5f9d02cb]" name="QC_Sprint_B20_184_4_Txn_Testdata" class="tests.QCStore"/>
        <method signature="QCStore.QC_Sprint_B20_184_5_Txn_Testdata()[pri:59, instance:tests.QCStore@5f9d02cb]" name="QC_Sprint_B20_184_5_Txn_Testdata" class="tests.QCStore"/>
      </group> <!-- Ratikanta_Sprint1_REQ_572 -->
    </groups>
    <test name="Test" duration-ms="13943392" started-at="2020-09-25T08:43:34Z" finished-at="2020-09-25T12:35:57Z">
      <class name="tests.QCStore">
        <test-method status="PASS" signature="setup()[pri:0, instance:tests.QCStore@5f9d02cb]" name="setup" is-config="true" duration-ms="86" started-at="2020-09-25T08:43:34Z" finished-at="2020-09-25T08:43:34Z">
          <reporter-output>
          </reporter-output>
        </test-method> <!-- setup -->
        <test-method status="PASS" signature="killProcess()[pri:0, instance:tests.QCStore@5f9d02cb]" name="killProcess" is-config="true" duration-ms="5006" started-at="2020-09-25T08:43:34Z" finished-at="2020-09-25T08:43:39Z">
          <reporter-output>
          </reporter-output>
        </test-method> <!-- killProcess -->
        <test-method status="PASS" signature="QC_Sprint_B20_178_1_Txn_Testdata()[pri:31, instance:tests.QCStore@5f9d02cb]" name="QC_Sprint_B20_178_1_Txn_Testdata" duration-ms="576253" started-at="2020-09-25T08:43:39Z" finished-at="2020-09-25T08:53:15Z">
          <reporter-output>
          </reporter-output>
        </test-method> <!-- QC_Sprint_B20_178_1_Txn_Testdata -->
        <test-method status="PASS" signature="endReport()[pri:0, instance:tests.QCStore@5f9d02cb]" name="endReport" is-config="true" duration-ms="0" started-at="2020-09-25T08:53:15Z" finished-at="2020-09-25T08:53:15Z">
          <reporter-output>
          </reporter-output>
        </test-method> <!-- endReport -->
        <test-method status="PASS" signature="getResult(org.testng.ITestResult)[pri:0, instance:tests.QCStore@5f9d02cb]" name="getResult" is-config="true" duration-ms="1421" started-at="2020-09-25T08:53:15Z" finished-at="2020-09-25T08:53:17Z">
          <params>
            <param index="0">
              <value>
                <![CDATA[[TestResult name=QC_Sprint_B20_178_1_Txn_Testdata status=SUCCESS method=QCStore.QC_Sprint_B20_178_1_Txn_Testdata()[pri:31, instance:tests.QCStore@5f9d02cb] output={null}]]]>
              </value>
            </param>
          </params>
          <reporter-output>
          </reporter-output>
        </test-method> <!-- getResult -->
        <test-method status="PASS" signature="killProcess()[pri:0, instance:tests.QCStore@5f9d02cb]" name="killProcess" is-config="true" duration-ms="5009" started-at="2020-09-25T08:53:17Z" finished-at="2020-09-25T08:53:22Z">
          <reporter-output>
          </reporter-output>
        </test-method> <!-- killProcess -->
        <test-method status="PASS" signature="QC_Sprint_B20_178_2_Txn_Testdata()[pri:32, instance:tests.QCStore@5f9d02cb]" name="QC_Sprint_B20_178_2_Txn_Testdata" duration-ms="498059" started-at="2020-09-25T08:53:22Z" finished-at="2020-09-25T09:01:40Z">
          <reporter-output>
          </reporter-output>
        </test-method> <!-- QC_Sprint_B20_178_2_Txn_Testdata -->
        <test-method status="PASS" signature="getResult(org.testng.ITestResult)[pri:0, instance:tests.QCStore@5f9d02cb]" name="getResult" is-config="true" duration-ms="577" started-at="2020-09-25T09:01:40Z" finished-at="2020-09-25T09:01:40Z">
          <params>
            <param index="0">
              <value>
                <![CDATA[[TestResult name=QC_Sprint_B20_178_2_Txn_Testdata status=SUCCESS method=QCStore.QC_Sprint_B20_178_2_Txn_Testdata()[pri:32, instance:tests.QCStore@5f9d02cb] output={null}]]]>
              </value>
            </param>
          </params>
          <reporter-output>
          </reporter-output>
        </test-method> <!-- getResult -->
        <test-method status="PASS" signature="endReport()[pri:0, instance:tests.QCStore@5f9d02cb]" name="endReport" is-config="true" duration-ms="0" started-at="2020-09-25T09:01:40Z" finished-at="2020-09-25T09:01:40Z">
          <reporter-output>
          </reporter-output>
        </test-method> <!-- endReport -->
        <test-method status="PASS" signature="killProcess()[pri:0, instance:tests.QCStore@5f9d02cb]" name="killProcess" is-config="true" duration-ms="5021" started-at="2020-09-25T09:01:40Z" finished-at="2020-09-25T09:01:45Z">
          <reporter-output>
          </reporter-output>
        </test-method> <!-- killProcess -->
        <test-method status="PASS" signature="QC_Sprint_B20_178_3_Txn_Testdata()[pri:33, instance:tests.QCStore@5f9d02cb]" name="QC_Sprint_B20_178_3_Txn_Testdata" duration-ms="467463" started-at="2020-09-25T09:01:45Z" finished-at="2020-09-25T09:09:33Z">
          <reporter-output>
          </reporter-output>
        </test-method> <!-- QC_Sprint_B20_178_3_Txn_Testdata -->
        <test-method status="PASS" signature="endReport()[pri:0, instance:tests.QCStore@5f9d02cb]" name="endReport" is-config="true" duration-ms="0" started-at="2020-09-25T09:09:33Z" finished-at="2020-09-25T09:09:33Z">
          <reporter-output>
          </reporter-output>
        </test-method> <!-- endReport -->
        <test-method status="PASS" signature="getResult(org.testng.ITestResult)[pri:0, instance:tests.QCStore@5f9d02cb]" name="getResult" is-config="true" duration-ms="560" started-at="2020-09-25T09:09:33Z" finished-at="2020-09-25T09:09:33Z">
          <params>
            <param index="0">
              <value>
                <![CDATA[[TestResult name=QC_Sprint_B20_178_3_Txn_Testdata status=SUCCESS method=QCStore.QC_Sprint_B20_178_3_Txn_Testdata()[pri:33, instance:tests.QCStore@5f9d02cb] output={null}]]]>
              </value>
            </param>
          </params>
          <reporter-output>
          </reporter-output>
        </test-method> <!-- getResult -->
        <test-method status="PASS" signature="killProcess()[pri:0, instance:tests.QCStore@5f9d02cb]" name="killProcess" is-config="true" duration-ms="5010" started-at="2020-09-25T09:09:33Z" finished-at="2020-09-25T09:09:38Z">
          <reporter-output>
          </reporter-output>
        </test-method> <!-- killProcess -->
        <test-method status="PASS" signature="QC_Sprint_B20_178_5_Txn_Testdata()[pri:34, instance:tests.QCStore@5f9d02cb]" name="QC_Sprint_B20_178_5_Txn_Testdata" duration-ms="379317" started-at="2020-09-25T09:09:38Z" finished-at="2020-09-25T09:15:58Z">
          <reporter-output>
          </reporter-output>
        </test-method> <!-- QC_Sprint_B20_178_5_Txn_Testdata -->
        <test-method status="PASS" signature="getResult(org.testng.ITestResult)[pri:0, instance:tests.QCStore@5f9d02cb]" name="getResult" is-config="true" duration-ms="617" started-at="2020-09-25T09:15:58Z" finished-at="2020-09-25T09:15:58Z">
          <params>
            <param index="0">
              <value>
                <![CDATA[[TestResult name=QC_Sprint_B20_178_5_Txn_Testdata status=SUCCESS method=QCStore.QC_Sprint_B20_178_5_Txn_Testdata()[pri:34, instance:tests.QCStore@5f9d02cb] output={null}]]]>
              </value>
            </param>
          </params>
          <reporter-output>
          </reporter-output>
        </test-method> <!-- getResult -->
        <test-method status="PASS" signature="endReport()[pri:0, instance:tests.QCStore@5f9d02cb]" name="endReport" is-config="true" duration-ms="0" started-at="2020-09-25T09:15:58Z" finished-at="2020-09-25T09:15:58Z">
          <reporter-output>
          </reporter-output>
        </test-method> <!-- endReport -->
        <test-method status="PASS" signature="killProcess()[pri:0, instance:tests.QCStore@5f9d02cb]" name="killProcess" is-config="true" duration-ms="5005" started-at="2020-09-25T09:15:58Z" finished-at="2020-09-25T09:16:03Z">
          <reporter-output>
          </reporter-output>
        </test-method> <!-- killProcess -->
        <test-method status="PASS" signature="QC_Sprint_B20_179_1_Txn_Testdata()[pri:36, instance:tests.QCStore@5f9d02cb]" name="QC_Sprint_B20_179_1_Txn_Testdata" duration-ms="565943" started-at="2020-09-25T09:16:03Z" finished-at="2020-09-25T09:25:29Z">
          <reporter-output>
          </reporter-output>
        </test-method> <!-- QC_Sprint_B20_179_1_Txn_Testdata -->
        <test-method status="PASS" signature="endReport()[pri:0, instance:tests.QCStore@5f9d02cb]" name="endReport" is-config="true" duration-ms="0" started-at="2020-09-25T09:25:29Z" finished-at="2020-09-25T09:25:29Z">
          <reporter-output>
          </reporter-output>
        </test-method> <!-- endReport -->
        <test-method status="PASS" signature="getResult(org.testng.ITestResult)[pri:0, instance:tests.QCStore@5f9d02cb]" name="getResult" is-config="true" duration-ms="563" started-at="2020-09-25T09:25:29Z" finished-at="2020-09-25T09:25:30Z">
          <params>
            <param index="0">
              <value>
                <![CDATA[[TestResult name=QC_Sprint_B20_179_1_Txn_Testdata status=SUCCESS method=QCStore.QC_Sprint_B20_179_1_Txn_Testdata()[pri:36, instance:tests.QCStore@5f9d02cb] output={null}]]]>
              </value>
            </param>
          </params>
          <reporter-output>
          </reporter-output>
        </test-method> <!-- getResult -->
        <test-method status="PASS" signature="killProcess()[pri:0, instance:tests.QCStore@5f9d02cb]" name="killProcess" is-config="true" duration-ms="5013" started-at="2020-09-25T09:25:30Z" finished-at="2020-09-25T09:25:35Z">
          <reporter-output>
          </reporter-output>
        </test-method> <!-- killProcess -->
        <test-method status="PASS" signature="QC_Sprint_B20_179_2_Txn_Testdata()[pri:37, instance:tests.QCStore@5f9d02cb]" name="QC_Sprint_B20_179_2_Txn_Testdata" duration-ms="539558" started-at="2020-09-25T09:25:35Z" finished-at="2020-09-25T09:34:34Z">
          <reporter-output>
          </reporter-output>
        </test-method> <!-- QC_Sprint_B20_179_2_Txn_Testdata -->
        <test-method status="PASS" signature="endReport()[pri:0, instance:tests.QCStore@5f9d02cb]" name="endReport" is-config="true" duration-ms="0" started-at="2020-09-25T09:34:34Z" finished-at="2020-09-25T09:34:34Z">
          <reporter-output>
          </reporter-output>
        </test-method> <!-- endReport -->
        <test-method status="PASS" signature="getResult(org.testng.ITestResult)[pri:0, instance:tests.QCStore@5f9d02cb]" name="getResult" is-config="true" duration-ms="615" started-at="2020-09-25T09:34:34Z" finished-at="2020-09-25T09:34:35Z">
          <params>
            <param index="0">
              <value>
                <![CDATA[[TestResult name=QC_Sprint_B20_179_2_Txn_Testdata status=SUCCESS method=QCStore.QC_Sprint_B20_179_2_Txn_Testdata()[pri:37, instance:tests.QCStore@5f9d02cb] output={null}]]]>
              </value>
            </param>
          </params>
          <reporter-output>
          </reporter-output>
        </test-method> <!-- getResult -->
        <test-method status="PASS" signature="killProcess()[pri:0, instance:tests.QCStore@5f9d02cb]" name="killProcess" is-config="true" duration-ms="5016" started-at="2020-09-25T09:34:35Z" finished-at="2020-09-25T09:34:40Z">
          <reporter-output>
          </reporter-output>
        </test-method> <!-- killProcess -->
        <test-method status="PASS" signature="QC_Sprint_B20_179_6_Txn_Testdata()[pri:39, instance:tests.QCStore@5f9d02cb]" name="QC_Sprint_B20_179_6_Txn_Testdata" duration-ms="533906" started-at="2020-09-25T09:34:40Z" finished-at="2020-09-25T09:43:34Z">
          <reporter-output>
          </reporter-output>
        </test-method> <!-- QC_Sprint_B20_179_6_Txn_Testdata -->
        <test-method status="PASS" signature="endReport()[pri:0, instance:tests.QCStore@5f9d02cb]" name="endReport" is-config="true" duration-ms="0" started-at="2020-09-25T09:43:34Z" finished-at="2020-09-25T09:43:34Z">
          <reporter-output>
          </reporter-output>
        </test-method> <!-- endReport -->
        <test-method status="PASS" signature="getResult(org.testng.ITestResult)[pri:0, instance:tests.QCStore@5f9d02cb]" name="getResult" is-config="true" duration-ms="559" started-at="2020-09-25T09:43:34Z" finished-at="2020-09-25T09:43:35Z">
          <params>
            <param index="0">
              <value>
                <![CDATA[[TestResult name=QC_Sprint_B20_179_6_Txn_Testdata status=SUCCESS method=QCStore.QC_Sprint_B20_179_6_Txn_Testdata()[pri:39, instance:tests.QCStore@5f9d02cb] output={null}]]]>
              </value>
            </param>
          </params>
          <reporter-output>
          </reporter-output>
        </test-method> <!-- getResult -->
        <test-method status="PASS" signature="killProcess()[pri:0, instance:tests.QCStore@5f9d02cb]" name="killProcess" is-config="true" duration-ms="5014" started-at="2020-09-25T09:43:35Z" finished-at="2020-09-25T09:43:40Z">
          <reporter-output>
          </reporter-output>
        </test-method> <!-- killProcess -->
        <test-method status="PASS" signature="QC_Sprint_B20_180_1_Txn_Testdata()[pri:40, instance:tests.QCStore@5f9d02cb]" name="QC_Sprint_B20_180_1_Txn_Testdata" duration-ms="665334" started-at="2020-09-25T09:43:40Z" finished-at="2020-09-25T09:54:45Z">
          <reporter-output>
          </reporter-output>
        </test-method> <!-- QC_Sprint_B20_180_1_Txn_Testdata -->
        <test-method status="PASS" signature="endReport()[pri:0, instance:tests.QCStore@5f9d02cb]" name="endReport" is-config="true" duration-ms="1" started-at="2020-09-25T09:54:45Z" finished-at="2020-09-25T09:54:45Z">
          <reporter-output>
          </reporter-output>
        </test-method> <!-- endReport -->
        <test-method status="PASS" signature="getResult(org.testng.ITestResult)[pri:0, instance:tests.QCStore@5f9d02cb]" name="getResult" is-config="true" duration-ms="563" started-at="2020-09-25T09:54:45Z" finished-at="2020-09-25T09:54:45Z">
          <params>
            <param index="0">
              <value>
                <![CDATA[[TestResult name=QC_Sprint_B20_180_1_Txn_Testdata status=SUCCESS method=QCStore.QC_Sprint_B20_180_1_Txn_Testdata()[pri:40, instance:tests.QCStore@5f9d02cb] output={null}]]]>
              </value>
            </param>
          </params>
          <reporter-output>
          </reporter-output>
        </test-method> <!-- getResult -->
        <test-method status="PASS" signature="killProcess()[pri:0, instance:tests.QCStore@5f9d02cb]" name="killProcess" is-config="true" duration-ms="5000" started-at="2020-09-25T09:54:45Z" finished-at="2020-09-25T09:54:50Z">
          <reporter-output>
          </reporter-output>
        </test-method> <!-- killProcess -->
        <test-method status="PASS" signature="QC_Sprint_B20_180_2_Txn_Testdata()[pri:41, instance:tests.QCStore@5f9d02cb]" name="QC_Sprint_B20_180_2_Txn_Testdata" duration-ms="557626" started-at="2020-09-25T09:54:50Z" finished-at="2020-09-25T10:04:08Z">
          <reporter-output>
          </reporter-output>
        </test-method> <!-- QC_Sprint_B20_180_2_Txn_Testdata -->
        <test-method status="PASS" signature="endReport()[pri:0, instance:tests.QCStore@5f9d02cb]" name="endReport" is-config="true" duration-ms="0" started-at="2020-09-25T10:04:08Z" finished-at="2020-09-25T10:04:08Z">
          <reporter-output>
          </reporter-output>
        </test-method> <!-- endReport -->
        <test-method status="PASS" signature="getResult(org.testng.ITestResult)[pri:0, instance:tests.QCStore@5f9d02cb]" name="getResult" is-config="true" duration-ms="561" started-at="2020-09-25T10:04:08Z" finished-at="2020-09-25T10:04:09Z">
          <params>
            <param index="0">
              <value>
                <![CDATA[[TestResult name=QC_Sprint_B20_180_2_Txn_Testdata status=SUCCESS method=QCStore.QC_Sprint_B20_180_2_Txn_Testdata()[pri:41, instance:tests.QCStore@5f9d02cb] output={null}]]]>
              </value>
            </param>
          </params>
          <reporter-output>
          </reporter-output>
        </test-method> <!-- getResult -->
        <test-method status="PASS" signature="killProcess()[pri:0, instance:tests.QCStore@5f9d02cb]" name="killProcess" is-config="true" duration-ms="5013" started-at="2020-09-25T10:04:09Z" finished-at="2020-09-25T10:04:14Z">
          <reporter-output>
          </reporter-output>
        </test-method> <!-- killProcess -->
        <test-method status="PASS" signature="QC_Sprint_B20_180_3_Txn_Testdata()[pri:42, instance:tests.QCStore@5f9d02cb]" name="QC_Sprint_B20_180_3_Txn_Testdata" duration-ms="573289" started-at="2020-09-25T10:04:14Z" finished-at="2020-09-25T10:13:47Z">
          <reporter-output>
          </reporter-output>
        </test-method> <!-- QC_Sprint_B20_180_3_Txn_Testdata -->
        <test-method status="PASS" signature="getResult(org.testng.ITestResult)[pri:0, instance:tests.QCStore@5f9d02cb]" name="getResult" is-config="true" duration-ms="627" started-at="2020-09-25T10:13:47Z" finished-at="2020-09-25T10:13:48Z">
          <params>
            <param index="0">
              <value>
                <![CDATA[[TestResult name=QC_Sprint_B20_180_3_Txn_Testdata status=SUCCESS method=QCStore.QC_Sprint_B20_180_3_Txn_Testdata()[pri:42, instance:tests.QCStore@5f9d02cb] output={null}]]]>
              </value>
            </param>
          </params>
          <reporter-output>
          </reporter-output>
        </test-method> <!-- getResult -->
        <test-method status="PASS" signature="endReport()[pri:0, instance:tests.QCStore@5f9d02cb]" name="endReport" is-config="true" duration-ms="0" started-at="2020-09-25T10:13:47Z" finished-at="2020-09-25T10:13:47Z">
          <reporter-output>
          </reporter-output>
        </test-method> <!-- endReport -->
        <test-method status="PASS" signature="killProcess()[pri:0, instance:tests.QCStore@5f9d02cb]" name="killProcess" is-config="true" duration-ms="5015" started-at="2020-09-25T10:13:48Z" finished-at="2020-09-25T10:13:53Z">
          <reporter-output>
          </reporter-output>
        </test-method> <!-- killProcess -->
        <test-method status="PASS" signature="QC_Sprint_B20_180_6_Txn_Testdata()[pri:43, instance:tests.QCStore@5f9d02cb]" name="QC_Sprint_B20_180_6_Txn_Testdata" duration-ms="600054" started-at="2020-09-25T10:13:53Z" finished-at="2020-09-25T10:23:53Z">
          <reporter-output>
          </reporter-output>
        </test-method> <!-- QC_Sprint_B20_180_6_Txn_Testdata -->
        <test-method status="PASS" signature="endReport()[pri:0, instance:tests.QCStore@5f9d02cb]" name="endReport" is-config="true" duration-ms="1" started-at="2020-09-25T10:23:53Z" finished-at="2020-09-25T10:23:53Z">
          <reporter-output>
          </reporter-output>
        </test-method> <!-- endReport -->
        <test-method status="PASS" signature="getResult(org.testng.ITestResult)[pri:0, instance:tests.QCStore@5f9d02cb]" name="getResult" is-config="true" duration-ms="563" started-at="2020-09-25T10:23:53Z" finished-at="2020-09-25T10:23:53Z">
          <params>
            <param index="0">
              <value>
                <![CDATA[[TestResult name=QC_Sprint_B20_180_6_Txn_Testdata status=SUCCESS method=QCStore.QC_Sprint_B20_180_6_Txn_Testdata()[pri:43, instance:tests.QCStore@5f9d02cb] output={null}]]]>
              </value>
            </param>
          </params>
          <reporter-output>
          </reporter-output>
        </test-method> <!-- getResult -->
        <test-method status="PASS" signature="killProcess()[pri:0, instance:tests.QCStore@5f9d02cb]" name="killProcess" is-config="true" duration-ms="5009" started-at="2020-09-25T10:23:53Z" finished-at="2020-09-25T10:23:58Z">
          <reporter-output>
          </reporter-output>
        </test-method> <!-- killProcess -->
        <test-method status="PASS" signature="QC_Sprint_B20_181_1_Txn_Testdata()[pri:44, instance:tests.QCStore@5f9d02cb]" name="QC_Sprint_B20_181_1_Txn_Testdata" duration-ms="668466" started-at="2020-09-25T10:23:58Z" finished-at="2020-09-25T10:35:07Z">
          <reporter-output>
          </reporter-output>
        </test-method> <!-- QC_Sprint_B20_181_1_Txn_Testdata -->
        <test-method status="PASS" signature="endReport()[pri:0, instance:tests.QCStore@5f9d02cb]" name="endReport" is-config="true" duration-ms="0" started-at="2020-09-25T10:35:07Z" finished-at="2020-09-25T10:35:07Z">
          <reporter-output>
          </reporter-output>
        </test-method> <!-- endReport -->
        <test-method status="PASS" signature="getResult(org.testng.ITestResult)[pri:0, instance:tests.QCStore@5f9d02cb]" name="getResult" is-config="true" duration-ms="565" started-at="2020-09-25T10:35:07Z" finished-at="2020-09-25T10:35:07Z">
          <params>
            <param index="0">
              <value>
                <![CDATA[[TestResult name=QC_Sprint_B20_181_1_Txn_Testdata status=SUCCESS method=QCStore.QC_Sprint_B20_181_1_Txn_Testdata()[pri:44, instance:tests.QCStore@5f9d02cb] output={null}]]]>
              </value>
            </param>
          </params>
          <reporter-output>
          </reporter-output>
        </test-method> <!-- getResult -->
        <test-method status="PASS" signature="killProcess()[pri:0, instance:tests.QCStore@5f9d02cb]" name="killProcess" is-config="true" duration-ms="5006" started-at="2020-09-25T10:35:07Z" finished-at="2020-09-25T10:35:12Z">
          <reporter-output>
          </reporter-output>
        </test-method> <!-- killProcess -->
        <test-method status="PASS" signature="QC_Sprint_B20_181_2_Txn_Testdata()[pri:45, instance:tests.QCStore@5f9d02cb]" name="QC_Sprint_B20_181_2_Txn_Testdata" duration-ms="574317" started-at="2020-09-25T10:35:12Z" finished-at="2020-09-25T10:44:47Z">
          <reporter-output>
          </reporter-output>
        </test-method> <!-- QC_Sprint_B20_181_2_Txn_Testdata -->
        <test-method status="PASS" signature="getResult(org.testng.ITestResult)[pri:0, instance:tests.QCStore@5f9d02cb]" name="getResult" is-config="true" duration-ms="581" started-at="2020-09-25T10:44:47Z" finished-at="2020-09-25T10:44:47Z">
          <params>
            <param index="0">
              <value>
                <![CDATA[[TestResult name=QC_Sprint_B20_181_2_Txn_Testdata status=SUCCESS method=QCStore.QC_Sprint_B20_181_2_Txn_Testdata()[pri:45, instance:tests.QCStore@5f9d02cb] output={null}]]]>
              </value>
            </param>
          </params>
          <reporter-output>
          </reporter-output>
        </test-method> <!-- getResult -->
        <test-method status="PASS" signature="endReport()[pri:0, instance:tests.QCStore@5f9d02cb]" name="endReport" is-config="true" duration-ms="0" started-at="2020-09-25T10:44:47Z" finished-at="2020-09-25T10:44:47Z">
          <reporter-output>
          </reporter-output>
        </test-method> <!-- endReport -->
        <test-method status="PASS" signature="killProcess()[pri:0, instance:tests.QCStore@5f9d02cb]" name="killProcess" is-config="true" duration-ms="5007" started-at="2020-09-25T10:44:47Z" finished-at="2020-09-25T10:44:52Z">
          <reporter-output>
          </reporter-output>
        </test-method> <!-- killProcess -->
        <test-method status="PASS" signature="QC_Sprint_B20_181_3_Txn_Testdata()[pri:46, instance:tests.QCStore@5f9d02cb]" name="QC_Sprint_B20_181_3_Txn_Testdata" duration-ms="481588" started-at="2020-09-25T10:44:52Z" finished-at="2020-09-25T10:52:54Z">
          <reporter-output>
          </reporter-output>
        </test-method> <!-- QC_Sprint_B20_181_3_Txn_Testdata -->
        <test-method status="PASS" signature="endReport()[pri:0, instance:tests.QCStore@5f9d02cb]" name="endReport" is-config="true" duration-ms="0" started-at="2020-09-25T10:52:54Z" finished-at="2020-09-25T10:52:54Z">
          <reporter-output>
          </reporter-output>
        </test-method> <!-- endReport -->
        <test-method status="PASS" signature="getResult(org.testng.ITestResult)[pri:0, instance:tests.QCStore@5f9d02cb]" name="getResult" is-config="true" duration-ms="556" started-at="2020-09-25T10:52:54Z" finished-at="2020-09-25T10:52:54Z">
          <params>
            <param index="0">
              <value>
                <![CDATA[[TestResult name=QC_Sprint_B20_181_3_Txn_Testdata status=SUCCESS method=QCStore.QC_Sprint_B20_181_3_Txn_Testdata()[pri:46, instance:tests.QCStore@5f9d02cb] output={null}]]]>
              </value>
            </param>
          </params>
          <reporter-output>
          </reporter-output>
        </test-method> <!-- getResult -->
        <test-method status="PASS" signature="killProcess()[pri:0, instance:tests.QCStore@5f9d02cb]" name="killProcess" is-config="true" duration-ms="5012" started-at="2020-09-25T10:52:54Z" finished-at="2020-09-25T10:52:59Z">
          <reporter-output>
          </reporter-output>
        </test-method> <!-- killProcess -->
        <test-method status="PASS" signature="QC_Sprint_B20_181_7_Txn_Testdata()[pri:47, instance:tests.QCStore@5f9d02cb]" name="QC_Sprint_B20_181_7_Txn_Testdata" duration-ms="735686" started-at="2020-09-25T10:52:59Z" finished-at="2020-09-25T11:05:15Z">
          <reporter-output>
          </reporter-output>
        </test-method> <!-- QC_Sprint_B20_181_7_Txn_Testdata -->
        <test-method status="PASS" signature="getResult(org.testng.ITestResult)[pri:0, instance:tests.QCStore@5f9d02cb]" name="getResult" is-config="true" duration-ms="656" started-at="2020-09-25T11:05:15Z" finished-at="2020-09-25T11:05:16Z">
          <params>
            <param index="0">
              <value>
                <![CDATA[[TestResult name=QC_Sprint_B20_181_7_Txn_Testdata status=SUCCESS method=QCStore.QC_Sprint_B20_181_7_Txn_Testdata()[pri:47, instance:tests.QCStore@5f9d02cb] output={null}]]]>
              </value>
            </param>
          </params>
          <reporter-output>
          </reporter-output>
        </test-method> <!-- getResult -->
        <test-method status="PASS" signature="endReport()[pri:0, instance:tests.QCStore@5f9d02cb]" name="endReport" is-config="true" duration-ms="0" started-at="2020-09-25T11:05:15Z" finished-at="2020-09-25T11:05:15Z">
          <reporter-output>
          </reporter-output>
        </test-method> <!-- endReport -->
        <test-method status="PASS" signature="killProcess()[pri:0, instance:tests.QCStore@5f9d02cb]" name="killProcess" is-config="true" duration-ms="5007" started-at="2020-09-25T11:05:16Z" finished-at="2020-09-25T11:05:21Z">
          <reporter-output>
          </reporter-output>
        </test-method> <!-- killProcess -->
        <test-method status="PASS" signature="QC_Sprint_B20_182_1_Txn_Testdata()[pri:48, instance:tests.QCStore@5f9d02cb]" name="QC_Sprint_B20_182_1_Txn_Testdata" duration-ms="511232" started-at="2020-09-25T11:05:21Z" finished-at="2020-09-25T11:13:52Z">
          <reporter-output>
          </reporter-output>
        </test-method> <!-- QC_Sprint_B20_182_1_Txn_Testdata -->
        <test-method status="PASS" signature="endReport()[pri:0, instance:tests.QCStore@5f9d02cb]" name="endReport" is-config="true" duration-ms="1" started-at="2020-09-25T11:13:52Z" finished-at="2020-09-25T11:13:52Z">
          <reporter-output>
          </reporter-output>
        </test-method> <!-- endReport -->
        <test-method status="PASS" signature="getResult(org.testng.ITestResult)[pri:0, instance:tests.QCStore@5f9d02cb]" name="getResult" is-config="true" duration-ms="623" started-at="2020-09-25T11:13:52Z" finished-at="2020-09-25T11:13:52Z">
          <params>
            <param index="0">
              <value>
                <![CDATA[[TestResult name=QC_Sprint_B20_182_1_Txn_Testdata status=SUCCESS method=QCStore.QC_Sprint_B20_182_1_Txn_Testdata()[pri:48, instance:tests.QCStore@5f9d02cb] output={null}]]]>
              </value>
            </param>
          </params>
          <reporter-output>
          </reporter-output>
        </test-method> <!-- getResult -->
        <test-method status="PASS" signature="killProcess()[pri:0, instance:tests.QCStore@5f9d02cb]" name="killProcess" is-config="true" duration-ms="5012" started-at="2020-09-25T11:13:52Z" finished-at="2020-09-25T11:13:58Z">
          <reporter-output>
          </reporter-output>
        </test-method> <!-- killProcess -->
        <test-method status="PASS" signature="QC_Sprint_B20_182_2_Txn_Testdata()[pri:49, instance:tests.QCStore@5f9d02cb]" name="QC_Sprint_B20_182_2_Txn_Testdata" duration-ms="577413" started-at="2020-09-25T11:13:58Z" finished-at="2020-09-25T11:23:35Z">
          <reporter-output>
          </reporter-output>
        </test-method> <!-- QC_Sprint_B20_182_2_Txn_Testdata -->
        <test-method status="PASS" signature="getResult(org.testng.ITestResult)[pri:0, instance:tests.QCStore@5f9d02cb]" name="getResult" is-config="true" duration-ms="563" started-at="2020-09-25T11:23:35Z" finished-at="2020-09-25T11:23:35Z">
          <params>
            <param index="0">
              <value>
                <![CDATA[[TestResult name=QC_Sprint_B20_182_2_Txn_Testdata status=SUCCESS method=QCStore.QC_Sprint_B20_182_2_Txn_Testdata()[pri:49, instance:tests.QCStore@5f9d02cb] output={null}]]]>
              </value>
            </param>
          </params>
          <reporter-output>
          </reporter-output>
        </test-method> <!-- getResult -->
        <test-method status="PASS" signature="endReport()[pri:0, instance:tests.QCStore@5f9d02cb]" name="endReport" is-config="true" duration-ms="0" started-at="2020-09-25T11:23:35Z" finished-at="2020-09-25T11:23:35Z">
          <reporter-output>
          </reporter-output>
        </test-method> <!-- endReport -->
        <test-method status="PASS" signature="killProcess()[pri:0, instance:tests.QCStore@5f9d02cb]" name="killProcess" is-config="true" duration-ms="5001" started-at="2020-09-25T11:23:35Z" finished-at="2020-09-25T11:23:40Z">
          <reporter-output>
          </reporter-output>
        </test-method> <!-- killProcess -->
        <test-method status="PASS" signature="QC_Sprint_B20_182_6_Txn_Testdata()[pri:51, instance:tests.QCStore@5f9d02cb]" name="QC_Sprint_B20_182_6_Txn_Testdata" duration-ms="578259" started-at="2020-09-25T11:23:40Z" finished-at="2020-09-25T11:33:19Z">
          <reporter-output>
          </reporter-output>
        </test-method> <!-- QC_Sprint_B20_182_6_Txn_Testdata -->
        <test-method status="PASS" signature="endReport()[pri:0, instance:tests.QCStore@5f9d02cb]" name="endReport" is-config="true" duration-ms="0" started-at="2020-09-25T11:33:19Z" finished-at="2020-09-25T11:33:19Z">
          <reporter-output>
          </reporter-output>
        </test-method> <!-- endReport -->
        <test-method status="PASS" signature="getResult(org.testng.ITestResult)[pri:0, instance:tests.QCStore@5f9d02cb]" name="getResult" is-config="true" duration-ms="580" started-at="2020-09-25T11:33:19Z" finished-at="2020-09-25T11:33:19Z">
          <params>
            <param index="0">
              <value>
                <![CDATA[[TestResult name=QC_Sprint_B20_182_6_Txn_Testdata status=SUCCESS method=QCStore.QC_Sprint_B20_182_6_Txn_Testdata()[pri:51, instance:tests.QCStore@5f9d02cb] output={null}]]]>
              </value>
            </param>
          </params>
          <reporter-output>
          </reporter-output>
        </test-method> <!-- getResult -->
        <test-method status="PASS" signature="killProcess()[pri:0, instance:tests.QCStore@5f9d02cb]" name="killProcess" is-config="true" duration-ms="5001" started-at="2020-09-25T11:33:19Z" finished-at="2020-09-25T11:33:24Z">
          <reporter-output>
          </reporter-output>
        </test-method> <!-- killProcess -->
        <test-method status="PASS" signature="QC_Sprint_B20_183_1_Txn_Testdata()[pri:52, instance:tests.QCStore@5f9d02cb]" name="QC_Sprint_B20_183_1_Txn_Testdata" duration-ms="629560" started-at="2020-09-25T11:33:24Z" finished-at="2020-09-25T11:43:54Z">
          <reporter-output>
          </reporter-output>
        </test-method> <!-- QC_Sprint_B20_183_1_Txn_Testdata -->
        <test-method status="PASS" signature="getResult(org.testng.ITestResult)[pri:0, instance:tests.QCStore@5f9d02cb]" name="getResult" is-config="true" duration-ms="627" started-at="2020-09-25T11:43:54Z" finished-at="2020-09-25T11:43:55Z">
          <params>
            <param index="0">
              <value>
                <![CDATA[[TestResult name=QC_Sprint_B20_183_1_Txn_Testdata status=SUCCESS method=QCStore.QC_Sprint_B20_183_1_Txn_Testdata()[pri:52, instance:tests.QCStore@5f9d02cb] output={null}]]]>
              </value>
            </param>
          </params>
          <reporter-output>
          </reporter-output>
        </test-method> <!-- getResult -->
        <test-method status="PASS" signature="endReport()[pri:0, instance:tests.QCStore@5f9d02cb]" name="endReport" is-config="true" duration-ms="0" started-at="2020-09-25T11:43:54Z" finished-at="2020-09-25T11:43:54Z">
          <reporter-output>
          </reporter-output>
        </test-method> <!-- endReport -->
        <test-method status="PASS" signature="killProcess()[pri:0, instance:tests.QCStore@5f9d02cb]" name="killProcess" is-config="true" duration-ms="5012" started-at="2020-09-25T11:43:55Z" finished-at="2020-09-25T11:44:00Z">
          <reporter-output>
          </reporter-output>
        </test-method> <!-- killProcess -->
        <test-method status="PASS" signature="QC_Sprint_B20_183_2_Txn_Testdata()[pri:53, instance:tests.QCStore@5f9d02cb]" name="QC_Sprint_B20_183_2_Txn_Testdata" duration-ms="462103" started-at="2020-09-25T11:44:00Z" finished-at="2020-09-25T11:51:42Z">
          <reporter-output>
          </reporter-output>
        </test-method> <!-- QC_Sprint_B20_183_2_Txn_Testdata -->
        <test-method status="PASS" signature="getResult(org.testng.ITestResult)[pri:0, instance:tests.QCStore@5f9d02cb]" name="getResult" is-config="true" duration-ms="674" started-at="2020-09-25T11:51:42Z" finished-at="2020-09-25T11:51:42Z">
          <params>
            <param index="0">
              <value>
                <![CDATA[[TestResult name=QC_Sprint_B20_183_2_Txn_Testdata status=SUCCESS method=QCStore.QC_Sprint_B20_183_2_Txn_Testdata()[pri:53, instance:tests.QCStore@5f9d02cb] output={null}]]]>
              </value>
            </param>
          </params>
          <reporter-output>
          </reporter-output>
        </test-method> <!-- getResult -->
        <test-method status="PASS" signature="endReport()[pri:0, instance:tests.QCStore@5f9d02cb]" name="endReport" is-config="true" duration-ms="0" started-at="2020-09-25T11:51:42Z" finished-at="2020-09-25T11:51:42Z">
          <reporter-output>
          </reporter-output>
        </test-method> <!-- endReport -->
        <test-method status="PASS" signature="killProcess()[pri:0, instance:tests.QCStore@5f9d02cb]" name="killProcess" is-config="true" duration-ms="5009" started-at="2020-09-25T11:51:42Z" finished-at="2020-09-25T11:51:47Z">
          <reporter-output>
          </reporter-output>
        </test-method> <!-- killProcess -->
        <test-method status="PASS" signature="QC_Sprint_B20_183_6_Txn_Testdata()[pri:55, instance:tests.QCStore@5f9d02cb]" name="QC_Sprint_B20_183_6_Txn_Testdata" duration-ms="482439" started-at="2020-09-25T11:51:47Z" finished-at="2020-09-25T11:59:50Z">
          <reporter-output>
          </reporter-output>
        </test-method> <!-- QC_Sprint_B20_183_6_Txn_Testdata -->
        <test-method status="PASS" signature="endReport()[pri:0, instance:tests.QCStore@5f9d02cb]" name="endReport" is-config="true" duration-ms="0" started-at="2020-09-25T11:59:50Z" finished-at="2020-09-25T11:59:50Z">
          <reporter-output>
          </reporter-output>
        </test-method> <!-- endReport -->
        <test-method status="PASS" signature="getResult(org.testng.ITestResult)[pri:0, instance:tests.QCStore@5f9d02cb]" name="getResult" is-config="true" duration-ms="581" started-at="2020-09-25T11:59:50Z" finished-at="2020-09-25T11:59:50Z">
          <params>
            <param index="0">
              <value>
                <![CDATA[[TestResult name=QC_Sprint_B20_183_6_Txn_Testdata status=SUCCESS method=QCStore.QC_Sprint_B20_183_6_Txn_Testdata()[pri:55, instance:tests.QCStore@5f9d02cb] output={null}]]]>
              </value>
            </param>
          </params>
          <reporter-output>
          </reporter-output>
        </test-method> <!-- getResult -->
        <test-method status="PASS" signature="killProcess()[pri:0, instance:tests.QCStore@5f9d02cb]" name="killProcess" is-config="true" duration-ms="5019" started-at="2020-09-25T11:59:50Z" finished-at="2020-09-25T11:59:55Z">
          <reporter-output>
          </reporter-output>
        </test-method> <!-- killProcess -->
        <test-method status="PASS" signature="QC_Sprint_B20_184_1_Txn_Testdata()[pri:56, instance:tests.QCStore@5f9d02cb]" name="QC_Sprint_B20_184_1_Txn_Testdata" duration-ms="594643" started-at="2020-09-25T11:59:55Z" finished-at="2020-09-25T12:09:50Z">
          <reporter-output>
          </reporter-output>
        </test-method> <!-- QC_Sprint_B20_184_1_Txn_Testdata -->
        <test-method status="PASS" signature="endReport()[pri:0, instance:tests.QCStore@5f9d02cb]" name="endReport" is-config="true" duration-ms="0" started-at="2020-09-25T12:09:50Z" finished-at="2020-09-25T12:09:50Z">
          <reporter-output>
          </reporter-output>
        </test-method> <!-- endReport -->
        <test-method status="PASS" signature="getResult(org.testng.ITestResult)[pri:0, instance:tests.QCStore@5f9d02cb]" name="getResult" is-config="true" duration-ms="642" started-at="2020-09-25T12:09:50Z" finished-at="2020-09-25T12:09:51Z">
          <params>
            <param index="0">
              <value>
                <![CDATA[[TestResult name=QC_Sprint_B20_184_1_Txn_Testdata status=SUCCESS method=QCStore.QC_Sprint_B20_184_1_Txn_Testdata()[pri:56, instance:tests.QCStore@5f9d02cb] output={null}]]]>
              </value>
            </param>
          </params>
          <reporter-output>
          </reporter-output>
        </test-method> <!-- getResult -->
        <test-method status="PASS" signature="killProcess()[pri:0, instance:tests.QCStore@5f9d02cb]" name="killProcess" is-config="true" duration-ms="5011" started-at="2020-09-25T12:09:51Z" finished-at="2020-09-25T12:09:56Z">
          <reporter-output>
          </reporter-output>
        </test-method> <!-- killProcess -->
        <test-method status="PASS" signature="QC_Sprint_B20_184_2_Txn_Testdata()[pri:57, instance:tests.QCStore@5f9d02cb]" name="QC_Sprint_B20_184_2_Txn_Testdata" duration-ms="523227" started-at="2020-09-25T12:09:56Z" finished-at="2020-09-25T12:18:39Z">
          <reporter-output>
          </reporter-output>
        </test-method> <!-- QC_Sprint_B20_184_2_Txn_Testdata -->
        <test-method status="PASS" signature="endReport()[pri:0, instance:tests.QCStore@5f9d02cb]" name="endReport" is-config="true" duration-ms="0" started-at="2020-09-25T12:18:39Z" finished-at="2020-09-25T12:18:39Z">
          <reporter-output>
          </reporter-output>
        </test-method> <!-- endReport -->
        <test-method status="PASS" signature="getResult(org.testng.ITestResult)[pri:0, instance:tests.QCStore@5f9d02cb]" name="getResult" is-config="true" duration-ms="611" started-at="2020-09-25T12:18:39Z" finished-at="2020-09-25T12:18:39Z">
          <params>
            <param index="0">
              <value>
                <![CDATA[[TestResult name=QC_Sprint_B20_184_2_Txn_Testdata status=SUCCESS method=QCStore.QC_Sprint_B20_184_2_Txn_Testdata()[pri:57, instance:tests.QCStore@5f9d02cb] output={null}]]]>
              </value>
            </param>
          </params>
          <reporter-output>
          </reporter-output>
        </test-method> <!-- getResult -->
        <test-method status="PASS" signature="killProcess()[pri:0, instance:tests.QCStore@5f9d02cb]" name="killProcess" is-config="true" duration-ms="5010" started-at="2020-09-25T12:18:39Z" finished-at="2020-09-25T12:18:44Z">
          <reporter-output>
          </reporter-output>
        </test-method> <!-- killProcess -->
        <test-method status="PASS" signature="QC_Sprint_B20_184_4_Txn_Testdata()[pri:58, instance:tests.QCStore@5f9d02cb]" name="QC_Sprint_B20_184_4_Txn_Testdata" duration-ms="555426" started-at="2020-09-25T12:18:44Z" finished-at="2020-09-25T12:28:00Z">
          <reporter-output>
          </reporter-output>
        </test-method> <!-- QC_Sprint_B20_184_4_Txn_Testdata -->
        <test-method status="PASS" signature="endReport()[pri:0, instance:tests.QCStore@5f9d02cb]" name="endReport" is-config="true" duration-ms="0" started-at="2020-09-25T12:28:00Z" finished-at="2020-09-25T12:28:00Z">
          <reporter-output>
          </reporter-output>
        </test-method> <!-- endReport -->
        <test-method status="PASS" signature="getResult(org.testng.ITestResult)[pri:0, instance:tests.QCStore@5f9d02cb]" name="getResult" is-config="true" duration-ms="549" started-at="2020-09-25T12:28:00Z" finished-at="2020-09-25T12:28:00Z">
          <params>
            <param index="0">
              <value>
                <![CDATA[[TestResult name=QC_Sprint_B20_184_4_Txn_Testdata status=SUCCESS method=QCStore.QC_Sprint_B20_184_4_Txn_Testdata()[pri:58, instance:tests.QCStore@5f9d02cb] output={null}]]]>
              </value>
            </param>
          </params>
          <reporter-output>
          </reporter-output>
        </test-method> <!-- getResult -->
        <test-method status="PASS" signature="killProcess()[pri:0, instance:tests.QCStore@5f9d02cb]" name="killProcess" is-config="true" duration-ms="5002" started-at="2020-09-25T12:28:00Z" finished-at="2020-09-25T12:28:05Z">
          <reporter-output>
          </reporter-output>
        </test-method> <!-- killProcess -->
        <test-method status="PASS" signature="QC_Sprint_B20_184_5_Txn_Testdata()[pri:59, instance:tests.QCStore@5f9d02cb]" name="QC_Sprint_B20_184_5_Txn_Testdata" duration-ms="471273" started-at="2020-09-25T12:28:05Z" finished-at="2020-09-25T12:35:57Z">
          <reporter-output>
          </reporter-output>
        </test-method> <!-- QC_Sprint_B20_184_5_Txn_Testdata -->
        <test-method status="PASS" signature="getResult(org.testng.ITestResult)[pri:0, instance:tests.QCStore@5f9d02cb]" name="getResult" is-config="true" duration-ms="565" started-at="2020-09-25T12:35:57Z" finished-at="2020-09-25T12:35:57Z">
          <params>
            <param index="0">
              <value>
                <![CDATA[[TestResult name=QC_Sprint_B20_184_5_Txn_Testdata status=SUCCESS method=QCStore.QC_Sprint_B20_184_5_Txn_Testdata()[pri:59, instance:tests.QCStore@5f9d02cb] output={null}]]]>
              </value>
            </param>
          </params>
          <reporter-output>
          </reporter-output>
        </test-method> <!-- getResult -->
        <test-method status="PASS" signature="endReport()[pri:0, instance:tests.QCStore@5f9d02cb]" name="endReport" is-config="true" duration-ms="0" started-at="2020-09-25T12:35:57Z" finished-at="2020-09-25T12:35:57Z">
          <reporter-output>
          </reporter-output>
        </test-method> <!-- endReport -->
      </class> <!-- tests.QCStore -->
    </test> <!-- Test -->
  </suite> <!-- Suite -->
</testng-results>
