<?xml version="1.0" encoding="UTF-8"?>
<testng-results skipped="0" failed="0" ignored="15" total="16" passed="1">
  <reporter-output>
  </reporter-output>
  <suite name="Suite" duration-ms="1727820" started-at="2020-09-24T04:44:58Z" finished-at="2020-09-24T05:13:46Z">
    <groups>
      <group name="Ratikanta_ILP_Monthly_1">
        <method signature="QCStore.QC_2Payments_Refinance_Monthly_StepUp_Txn_Testdata()[pri:14, instance:tests.QCStore@520a3426]" name="QC_2Payments_Refinance_Monthly_StepUp_Txn_Testdata" class="tests.QCStore"/>
      </group> <!-- Ratikanta_ILP_Monthly_1 -->
    </groups>
    <test name="Test" duration-ms="1727820" started-at="2020-09-24T04:44:58Z" finished-at="2020-09-24T05:13:46Z">
      <class name="tests.QCStore">
        <test-method status="PASS" signature="setup()[pri:0, instance:tests.QCStore@520a3426]" name="setup" is-config="true" duration-ms="78" started-at="2020-09-24T04:44:58Z" finished-at="2020-09-24T04:44:58Z">
          <reporter-output>
          </reporter-output>
        </test-method> <!-- setup -->
        <test-method status="PASS" signature="killProcess()[pri:0, instance:tests.QCStore@520a3426]" name="killProcess" is-config="true" duration-ms="5001" started-at="2020-09-24T04:44:58Z" finished-at="2020-09-24T04:45:03Z">
          <reporter-output>
          </reporter-output>
        </test-method> <!-- killProcess -->
        <test-method status="PASS" signature="QC_2Payments_Refinance_Monthly_StepUp_Txn_Testdata()[pri:14, instance:tests.QCStore@520a3426]" name="QC_2Payments_Refinance_Monthly_StepUp_Txn_Testdata" duration-ms="1722503" started-at="2020-09-24T04:45:03Z" finished-at="2020-09-24T05:13:46Z">
          <reporter-output>
          </reporter-output>
        </test-method> <!-- QC_2Payments_Refinance_Monthly_StepUp_Txn_Testdata -->
        <test-method status="PASS" signature="endReport()[pri:0, instance:tests.QCStore@520a3426]" name="endReport" is-config="true" duration-ms="0" started-at="2020-09-24T05:13:46Z" finished-at="2020-09-24T05:13:46Z">
          <reporter-output>
          </reporter-output>
        </test-method> <!-- endReport -->
        <test-method status="PASS" signature="getResult(org.testng.ITestResult)[pri:0, instance:tests.QCStore@520a3426]" name="getResult" is-config="true" duration-ms="202" started-at="2020-09-24T05:13:46Z" finished-at="2020-09-24T05:13:46Z">
          <params>
            <param index="0">
              <value>
                <![CDATA[[TestResult name=QC_2Payments_Refinance_Monthly_StepUp_Txn_Testdata status=SUCCESS method=QCStore.QC_2Payments_Refinance_Monthly_StepUp_Txn_Testdata()[pri:14, instance:tests.QCStore@520a3426] output={null}]]]>
              </value>
            </param>
          </params>
          <reporter-output>
          </reporter-output>
        </test-method> <!-- getResult -->
      </class> <!-- tests.QCStore -->
    </test> <!-- Test -->
  </suite> <!-- Suite -->
</testng-results>
