<?xml version="1.0" encoding="UTF-8"?>
<!-- Generated by org.testng.reporters.JUnitXMLReporter -->
<testsuite hostname="QTLSYS0-225" ignored="57" name="Test" tests="25" failures="0" timestamp="25 Sep 2020 12:35:57 GMT" time="13943.392" errors="0">
  <testcase name="QC_Sprint_B20_178_1_Txn_Testdata" time="576.253" classname="tests.QCStore"/>
  <testcase name="QC_Sprint_B20_178_2_Txn_Testdata" time="498.059" classname="tests.QCStore"/>
  <testcase name="QC_Sprint_B20_178_3_Txn_Testdata" time="467.463" classname="tests.QCStore"/>
  <testcase name="QC_Sprint_B20_178_5_Txn_Testdata" time="379.317" classname="tests.QCStore"/>
  <testcase name="QC_Sprint_B20_179_1_Txn_Testdata" time="565.943" classname="tests.QCStore"/>
  <testcase name="QC_Sprint_B20_179_2_Txn_Testdata" time="539.558" classname="tests.QCStore"/>
  <testcase name="QC_Sprint_B20_179_6_Txn_Testdata" time="533.906" classname="tests.QCStore"/>
  <testcase name="QC_Sprint_B20_180_1_Txn_Testdata" time="665.334" classname="tests.QCStore"/>
  <testcase name="QC_Sprint_B20_180_2_Txn_Testdata" time="557.626" classname="tests.QCStore"/>
  <testcase name="QC_Sprint_B20_180_3_Txn_Testdata" time="573.289" classname="tests.QCStore"/>
  <testcase name="QC_Sprint_B20_180_6_Txn_Testdata" time="600.054" classname="tests.QCStore"/>
  <testcase name="QC_Sprint_B20_181_1_Txn_Testdata" time="668.466" classname="tests.QCStore"/>
  <testcase name="QC_Sprint_B20_181_2_Txn_Testdata" time="574.317" classname="tests.QCStore"/>
  <testcase name="QC_Sprint_B20_181_3_Txn_Testdata" time="481.588" classname="tests.QCStore"/>
  <testcase name="QC_Sprint_B20_181_7_Txn_Testdata" time="735.686" classname="tests.QCStore"/>
  <testcase name="QC_Sprint_B20_182_1_Txn_Testdata" time="511.232" classname="tests.QCStore"/>
  <testcase name="QC_Sprint_B20_182_2_Txn_Testdata" time="577.413" classname="tests.QCStore"/>
  <testcase name="QC_Sprint_B20_182_6_Txn_Testdata" time="578.259" classname="tests.QCStore"/>
  <testcase name="QC_Sprint_B20_183_1_Txn_Testdata" time="629.56" classname="tests.QCStore"/>
  <testcase name="QC_Sprint_B20_183_2_Txn_Testdata" time="462.103" classname="tests.QCStore"/>
  <testcase name="QC_Sprint_B20_183_6_Txn_Testdata" time="482.439" classname="tests.QCStore"/>
  <testcase name="QC_Sprint_B20_184_1_Txn_Testdata" time="594.643" classname="tests.QCStore"/>
  <testcase name="QC_Sprint_B20_184_2_Txn_Testdata" time="523.227" classname="tests.QCStore"/>
  <testcase name="QC_Sprint_B20_184_4_Txn_Testdata" time="555.426" classname="tests.QCStore"/>
  <testcase name="QC_Sprint_B20_184_5_Txn_Testdata" time="471.273" classname="tests.QCStore"/>
  <testcase name="QC_Sprint2_QF_601_TS_182_Txn_Testdata" time="0.0" classname="tests.QCStore">
    <ignored/>
  </testcase> <!-- QC_Sprint2_QF_601_TS_182_Txn_Testdata -->
  <testcase name="QC_Sprint2_QF_601_TS_180_Txn_Testdata" time="0.0" classname="tests.QCStore">
    <ignored/>
  </testcase> <!-- QC_Sprint2_QF_601_TS_180_Txn_Testdata -->
  <testcase name="QC_Sprint_B20_154_13_Txn_Testdata" time="0.0" classname="tests.QCStore">
    <ignored/>
  </testcase> <!-- QC_Sprint_B20_154_13_Txn_Testdata -->
  <testcase name="QC_Sprint2_QF_601_TS_184_Txn_Testdata" time="0.0" classname="tests.QCStore">
    <ignored/>
  </testcase> <!-- QC_Sprint2_QF_601_TS_184_Txn_Testdata -->
  <testcase name="QC_Sprint2_QF_601_TS_212_Txn_Testdata" time="0.0" classname="tests.QCStore">
    <ignored/>
  </testcase> <!-- QC_Sprint2_QF_601_TS_212_Txn_Testdata -->
  <testcase name="QC_Sprint_B20_154_11_Txn_Testdata" time="0.0" classname="tests.QCStore">
    <ignored/>
  </testcase> <!-- QC_Sprint_B20_154_11_Txn_Testdata -->
  <testcase name="QC_Sprint2_QF_601_TS_198_Txn_Testdata" time="0.0" classname="tests.QCStore">
    <ignored/>
  </testcase> <!-- QC_Sprint2_QF_601_TS_198_Txn_Testdata -->
  <testcase name="QC_Sprint2_QF_601_TS_216_Txn_Testdata" time="0.0" classname="tests.QCStore">
    <ignored/>
  </testcase> <!-- QC_Sprint2_QF_601_TS_216_Txn_Testdata -->
  <testcase name="QC_Sprint_B20_154_8_Txn_Testdata" time="0.0" classname="tests.QCStore">
    <ignored/>
  </testcase> <!-- QC_Sprint_B20_154_8_Txn_Testdata -->
  <testcase name="QC_Sprint2_QF_601_TS_126_Txn_Testdata" time="0.0" classname="tests.QCStore">
    <ignored/>
  </testcase> <!-- QC_Sprint2_QF_601_TS_126_Txn_Testdata -->
  <testcase name="QC_Sprint2_QF_601_TS_194_Txn_Testdata" time="0.0" classname="tests.QCStore">
    <ignored/>
  </testcase> <!-- QC_Sprint2_QF_601_TS_194_Txn_Testdata -->
  <testcase name="QC_Sprint2_QF_601_TS_196_Txn_Testdata" time="0.0" classname="tests.QCStore">
    <ignored/>
  </testcase> <!-- QC_Sprint2_QF_601_TS_196_Txn_Testdata -->
  <testcase name="QC_Sprint2_QF_601_TS_200_Txn_Testdata" time="0.0" classname="tests.QCStore">
    <ignored/>
  </testcase> <!-- QC_Sprint2_QF_601_TS_200_Txn_Testdata -->
  <testcase name="QC_Sprint2_QF_601_TS_098_Txn_Testdata" time="0.0" classname="tests.QCStore">
    <ignored/>
  </testcase> <!-- QC_Sprint2_QF_601_TS_098_Txn_Testdata -->
  <testcase name="QC_Sprint_B20_154_9_Txn_Testdata" time="0.0" classname="tests.QCStore">
    <ignored/>
  </testcase> <!-- QC_Sprint_B20_154_9_Txn_Testdata -->
  <testcase name="QC_Sprint2_QF_601_TS_179_Txn_Testdata" time="0.0" classname="tests.QCStore">
    <ignored/>
  </testcase> <!-- QC_Sprint2_QF_601_TS_179_Txn_Testdata -->
  <testcase name="QC_Sprint2_QF_601_TS_192_Txn_Testdata" time="0.0" classname="tests.QCStore">
    <ignored/>
  </testcase> <!-- QC_Sprint2_QF_601_TS_192_Txn_Testdata -->
  <testcase name="QC_Sprint2_QF_601_TS_191_Txn_Testdata" time="0.0" classname="tests.QCStore">
    <ignored/>
  </testcase> <!-- QC_Sprint2_QF_601_TS_191_Txn_Testdata -->
  <testcase name="QC_Sprint2_QF_601_TS_190_Txn_Testdata" time="0.0" classname="tests.QCStore">
    <ignored/>
  </testcase> <!-- QC_Sprint2_QF_601_TS_190_Txn_Testdata -->
  <testcase name="QC_Sprint2_QF_601_TS_226_Txn_Testdata" time="0.0" classname="tests.QCStore">
    <ignored/>
  </testcase> <!-- QC_Sprint2_QF_601_TS_226_Txn_Testdata -->
  <testcase name="QC_Sprint2_QF_601_TS_211_Txn_Testdata" time="0.0" classname="tests.QCStore">
    <ignored/>
  </testcase> <!-- QC_Sprint2_QF_601_TS_211_Txn_Testdata -->
  <testcase name="QC_Sprint2_QF_601_TS_210_Txn_Testdata" time="0.0" classname="tests.QCStore">
    <ignored/>
  </testcase> <!-- QC_Sprint2_QF_601_TS_210_Txn_Testdata -->
  <testcase name="QC_Sprint2_QF_601_TS_183_Txn_Testdata" time="0.0" classname="tests.QCStore">
    <ignored/>
  </testcase> <!-- QC_Sprint2_QF_601_TS_183_Txn_Testdata -->
  <testcase name="QC_Sprint2_QF_601_TS_215_Txn_Testdata" time="0.0" classname="tests.QCStore">
    <ignored/>
  </testcase> <!-- QC_Sprint2_QF_601_TS_215_Txn_Testdata -->
  <testcase name="QC_Sprint_B20_154_10_Txn_Testdata" time="0.0" classname="tests.QCStore">
    <ignored/>
  </testcase> <!-- QC_Sprint_B20_154_10_Txn_Testdata -->
  <testcase name="QC_Sprint2_QF_601_TS_195_Txn_Testdata" time="0.0" classname="tests.QCStore">
    <ignored/>
  </testcase> <!-- QC_Sprint2_QF_601_TS_195_Txn_Testdata -->
  <testcase name="QC_Sprint_B20_154_7_Txn_Testdata" time="0.0" classname="tests.QCStore">
    <ignored/>
  </testcase> <!-- QC_Sprint_B20_154_7_Txn_Testdata -->
  <testcase name="QC_Sprint2_QF_601_TS_102_Txn_Testdata" time="0.0" classname="tests.QCStore">
    <ignored/>
  </testcase> <!-- QC_Sprint2_QF_601_TS_102_Txn_Testdata -->
  <testcase name="QC_Sprint2_QF_601_TS_199_Txn_Testdata" time="0.0" classname="tests.QCStore">
    <ignored/>
  </testcase> <!-- QC_Sprint2_QF_601_TS_199_Txn_Testdata -->
  <testcase name="QC_Sprint2_QF_601_TS_203_Txn_Testdata" time="0.0" classname="tests.QCStore">
    <ignored/>
  </testcase> <!-- QC_Sprint2_QF_601_TS_203_Txn_Testdata -->
  <testcase name="QC_Sprint2_QF_601_TS_178_Txn_Testdata" time="0.0" classname="tests.QCStore">
    <ignored/>
  </testcase> <!-- QC_Sprint2_QF_601_TS_178_Txn_Testdata -->
  <testcase name="QC_Sprint2_QF_601_TS_174_Txn_Testdata" time="0.0" classname="tests.QCStore">
    <ignored/>
  </testcase> <!-- QC_Sprint2_QF_601_TS_174_Txn_Testdata -->
  <testcase name="QC_Sprint2_QF_601_TS_176_Txn_Testdata" time="0.0" classname="tests.QCStore">
    <ignored/>
  </testcase> <!-- QC_Sprint2_QF_601_TS_176_Txn_Testdata -->
  <testcase name="QC_Sprint2_QF_601_TS_175_Txn_Testdata" time="0.0" classname="tests.QCStore">
    <ignored/>
  </testcase> <!-- QC_Sprint2_QF_601_TS_175_Txn_Testdata -->
  <testcase name="QC_Sprint2_QF_601_TS_202_Txn_Testdata" time="0.0" classname="tests.QCStore">
    <ignored/>
  </testcase> <!-- QC_Sprint2_QF_601_TS_202_Txn_Testdata -->
  <testcase name="QC_Sprint2_QF_601_TS_122_Txn_Testdata" time="0.0" classname="tests.QCStore">
    <ignored/>
  </testcase> <!-- QC_Sprint2_QF_601_TS_122_Txn_Testdata -->
  <testcase name="QC_Sprint2_QF_601_TS_170_Txn_Testdata" time="0.0" classname="tests.QCStore">
    <ignored/>
  </testcase> <!-- QC_Sprint2_QF_601_TS_170_Txn_Testdata -->
  <testcase name="QC_Sprint2_QF_601_TS_206_Txn_Testdata" time="0.0" classname="tests.QCStore">
    <ignored/>
  </testcase> <!-- QC_Sprint2_QF_601_TS_206_Txn_Testdata -->
  <testcase name="QC_Sprint2_QF_601_TS_171_Txn_Testdata" time="0.0" classname="tests.QCStore">
    <ignored/>
  </testcase> <!-- QC_Sprint2_QF_601_TS_171_Txn_Testdata -->
  <testcase name="QC_Sprint2_QF_601_TS_204_Txn_Testdata" time="0.0" classname="tests.QCStore">
    <ignored/>
  </testcase> <!-- QC_Sprint2_QF_601_TS_204_Txn_Testdata -->
  <testcase name="QC_Sprint2_QF_601_TS_172_Txn_Testdata" time="0.0" classname="tests.QCStore">
    <ignored/>
  </testcase> <!-- QC_Sprint2_QF_601_TS_172_Txn_Testdata -->
  <testcase name="QC_Sprint2_QF_601_TS_207_Txn_Testdata" time="0.0" classname="tests.QCStore">
    <ignored/>
  </testcase> <!-- QC_Sprint2_QF_601_TS_207_Txn_Testdata -->
  <testcase name="QC_Sprint_B20_154_16_Txn_Testdata" time="0.0" classname="tests.QCStore">
    <ignored/>
  </testcase> <!-- QC_Sprint_B20_154_16_Txn_Testdata -->
  <testcase name="QC_Sprint2_QF_601_TS_214_Txn_Testdata" time="0.0" classname="tests.QCStore">
    <ignored/>
  </testcase> <!-- QC_Sprint2_QF_601_TS_214_Txn_Testdata -->
  <testcase name="QC_Sprint_B20_154_18_Txn_Testdata" time="0.0" classname="tests.QCStore">
    <ignored/>
  </testcase> <!-- QC_Sprint_B20_154_18_Txn_Testdata -->
  <testcase name="QC_Sprint_B20_154_2_Txn_Testdata" time="0.0" classname="tests.QCStore">
    <ignored/>
  </testcase> <!-- QC_Sprint_B20_154_2_Txn_Testdata -->
  <testcase name="QC_Sprint2_QF_601_TS_208_Txn_Testdata" time="0.0" classname="tests.QCStore">
    <ignored/>
  </testcase> <!-- QC_Sprint2_QF_601_TS_208_Txn_Testdata -->
  <testcase name="QC_Sprint_B20_153_5_Txn_Testdata" time="0.0" classname="tests.QCStore">
    <ignored/>
  </testcase> <!-- QC_Sprint_B20_153_5_Txn_Testdata -->
  <testcase name="QC_Sprint2_QF_601_TS_187_Txn_Testdata" time="0.0" classname="tests.QCStore">
    <ignored/>
  </testcase> <!-- QC_Sprint2_QF_601_TS_187_Txn_Testdata -->
  <testcase name="QC_Sprint_B20_154_14_Txn_Testdata" time="0.0" classname="tests.QCStore">
    <ignored/>
  </testcase> <!-- QC_Sprint_B20_154_14_Txn_Testdata -->
  <testcase name="QC_Sprint_B20_153_3_Txn_Testdata" time="0.0" classname="tests.QCStore">
    <ignored/>
  </testcase> <!-- QC_Sprint_B20_153_3_Txn_Testdata -->
  <testcase name="QC_Sprint_B20_154_15_Txn_Testdata" time="0.0" classname="tests.QCStore">
    <ignored/>
  </testcase> <!-- QC_Sprint_B20_154_15_Txn_Testdata -->
  <testcase name="QC_Sprint2_QF_601_TS_186_Txn_Testdata" time="0.0" classname="tests.QCStore">
    <ignored/>
  </testcase> <!-- QC_Sprint2_QF_601_TS_186_Txn_Testdata -->
  <testcase name="QC_Sprint_B20_154_17_Txn_Testdata" time="0.0" classname="tests.QCStore">
    <ignored/>
  </testcase> <!-- QC_Sprint_B20_154_17_Txn_Testdata -->
  <testcase name="QC_Sprint2_QF_601_TS_188_Txn_Testdata" time="0.0" classname="tests.QCStore">
    <ignored/>
  </testcase> <!-- QC_Sprint2_QF_601_TS_188_Txn_Testdata -->
  <testcase name="QC_Sprint_B20_154_1_Txn_Testdata" time="0.0" classname="tests.QCStore">
    <ignored/>
  </testcase> <!-- QC_Sprint_B20_154_1_Txn_Testdata -->
  <testcase name="QC_Sprint_B20_153_6_Txn_Testdata" time="0.0" classname="tests.QCStore">
    <ignored/>
  </testcase> <!-- QC_Sprint_B20_153_6_Txn_Testdata -->
</testsuite> <!-- Test -->
